2019-03-01 17:38:54,252 DEBUG No configuration found at `.pyre_configuration.local`.
2019-03-01 17:38:54,253 DEBUG Reading configuration `.pyre_configuration`...
2019-03-01 17:38:54,253 DEBUG Found source_directories: `.`
2019-03-01 17:38:54,253 INFO No binary specified, looking for `pyre.bin` in PATH
2019-03-01 17:38:54,254 INFO Found: `/Users/tonyfast/anaconda/envs/p6/bin/pyre.bin`
2019-03-01 17:38:54,254 INFO No typeshed specified, looking for it
2019-03-01 17:38:54,254 DEBUG Trying with: `/Users/tonyfast/anaconda/envs/p6/lib/python3.6/site-packages/pyre_check/pyre_check/typeshed/`
2019-03-01 17:38:54,254 DEBUG Trying with: `/Users/tonyfast/anaconda/envs/p6/lib/python3.6/site-packages/pyre_check/typeshed/`
2019-03-01 17:38:54,254 DEBUG Trying with: `/Users/tonyfast/anaconda/envs/p6/lib/python3.6/pyre_check/typeshed/`
2019-03-01 17:38:54,254 DEBUG Trying with: `/Users/tonyfast/anaconda/envs/p6/lib/pyre_check/typeshed/`
2019-03-01 17:38:54,254 INFO Found: `/Users/tonyfast/anaconda/envs/p6/lib/pyre_check/typeshed/`
2019-03-01 17:38:54,255 DEBUG Running `/Users/tonyfast/anaconda/envs/p6/bin/pyre.bin check -project-root /Users/tonyfast/pidgin/src/pidgin/specification -filter-directories . -workers 4 -typeshed /Users/tonyfast/anaconda/envs/p6/lib/pyre_check/typeshed/ /Users/tonyfast/pidgin/src/pidgin/specification`
2019-03-01 17:38:54,288 INFO Finding type stubs in `/Users/tonyfast/pidgin/src/pidgin/specification`...
2019-03-01 17:38:54,294 INFO Finding type stubs in `/Users/tonyfast/anaconda/envs/p6/lib/pyre_check/typeshed/third_party`...
2019-03-01 17:38:54,307 INFO Finding type stubs in `/Users/tonyfast/anaconda/envs/p6/lib/pyre_check/typeshed/stdlib`...
2019-03-01 17:38:54,411 INFO Parsing 765 stubs and external sources...
2019-03-01 17:38:54,905 PERFORMANCE Stubs parsed: 0.578376s
2019-03-01 17:38:54,935 INFO Parsing 3 sources in `/Users/tonyfast/pidgin/src/pidgin/specification`...
2019-03-01 17:38:54,964 PERFORMANCE Sources parsed: 0.030092s
2019-03-01 17:38:54,965 PERFORMANCE Registered ignores: 0.029602s
2019-03-01 17:38:55,070 INFO Building type environment...
2019-03-01 17:38:55,546 PERFORMANCE Full environment built: 0.581348s
2019-03-01 17:38:55,647 INFO Inferring protocol implementations...
2019-03-01 17:38:55,657 PERFORMANCE Inferred protocol implementations: 0.101257s
2019-03-01 17:38:55,761 INFO Adding environment information to shared memory...
2019-03-01 17:38:55,852 PERFORMANCE Added environment to shared memory: 0.194643s
2019-03-01 17:38:55,881 MEMORY Shared memory size (size: 12)
2019-03-01 17:38:55,882 PERFORMANCE Filtered directories: 0.029914s
2019-03-01 17:38:55,882 INFO Checking 3 sources...
2019-03-01 17:38:55,915 INFO Running check `TypeCheck`...
2019-03-01 17:38:55,919 INFO Processed 1 of 3 sources
2019-03-01 17:38:55,919 INFO Processed 2 of 3 sources
2019-03-01 17:38:55,919 INFO Processed 3 of 3 sources
2019-03-01 17:38:55,919 PERFORMANCE Check_TypeCheck: 0.037152s
2019-03-01 17:38:55,949 PERFORMANCE Analyzed sources: 0.037182s
2019-03-01 17:38:55,961 PERFORMANCE Postprocessed: 0.030086s
2019-03-01 17:38:55,972 PERFORMANCE Check: 1.678037s
2019-03-01 17:38:55,973 ERROR Found 4 type errors!

2019-03-01 17:39:06,334 DEBUG No configuration found at `.pyre_configuration.local`.
2019-03-01 17:39:06,334 DEBUG Reading configuration `.pyre_configuration`...
2019-03-01 17:39:06,334 DEBUG Found source_directories: `.`
2019-03-01 17:39:06,335 INFO No binary specified, looking for `pyre.bin` in PATH
2019-03-01 17:39:06,335 INFO Found: `/Users/tonyfast/anaconda/envs/p6/bin/pyre.bin`
2019-03-01 17:39:06,335 INFO No typeshed specified, looking for it
2019-03-01 17:39:06,335 DEBUG Trying with: `/Users/tonyfast/anaconda/envs/p6/lib/python3.6/site-packages/pyre_check/pyre_check/typeshed/`
2019-03-01 17:39:06,335 DEBUG Trying with: `/Users/tonyfast/anaconda/envs/p6/lib/python3.6/site-packages/pyre_check/typeshed/`
2019-03-01 17:39:06,335 DEBUG Trying with: `/Users/tonyfast/anaconda/envs/p6/lib/python3.6/pyre_check/typeshed/`
2019-03-01 17:39:06,335 DEBUG Trying with: `/Users/tonyfast/anaconda/envs/p6/lib/pyre_check/typeshed/`
2019-03-01 17:39:06,335 INFO Found: `/Users/tonyfast/anaconda/envs/p6/lib/pyre_check/typeshed/`
2019-03-01 17:39:06,336 DEBUG Running `/Users/tonyfast/anaconda/envs/p6/bin/pyre.bin check -project-root /Users/tonyfast/pidgin/src/pidgin/specification -filter-directories . -workers 4 -typeshed /Users/tonyfast/anaconda/envs/p6/lib/pyre_check/typeshed/ /Users/tonyfast/pidgin/src/pidgin/specification`
2019-03-01 17:39:06,368 INFO Finding type stubs in `/Users/tonyfast/pidgin/src/pidgin/specification`...
2019-03-01 17:39:06,372 INFO Finding type stubs in `/Users/tonyfast/anaconda/envs/p6/lib/pyre_check/typeshed/third_party`...
2019-03-01 17:39:06,387 INFO Finding type stubs in `/Users/tonyfast/anaconda/envs/p6/lib/pyre_check/typeshed/stdlib`...
2019-03-01 17:39:06,489 INFO Parsing 765 stubs and external sources...
2019-03-01 17:39:06,975 PERFORMANCE Stubs parsed: 0.570601s
2019-03-01 17:39:07,005 INFO Parsing 3 sources in `/Users/tonyfast/pidgin/src/pidgin/specification`...
2019-03-01 17:39:07,035 PERFORMANCE Sources parsed: 0.030301s
2019-03-01 17:39:07,035 PERFORMANCE Registered ignores: 0.029961s
2019-03-01 17:39:07,140 INFO Building type environment...
2019-03-01 17:39:07,599 PERFORMANCE Full environment built: 0.563864s
2019-03-01 17:39:07,697 INFO Inferring protocol implementations...
2019-03-01 17:39:07,706 PERFORMANCE Inferred protocol implementations: 0.098097s
2019-03-01 17:39:07,809 INFO Adding environment information to shared memory...
2019-03-01 17:39:07,902 PERFORMANCE Added environment to shared memory: 0.195802s
2019-03-01 17:39:07,932 MEMORY Shared memory size (size: 12)
2019-03-01 17:39:07,932 PERFORMANCE Filtered directories: 0.029334s
2019-03-01 17:39:07,932 INFO Checking 3 sources...
2019-03-01 17:39:07,966 INFO Running check `TypeCheck`...
2019-03-01 17:39:07,969 INFO Processed 1 of 3 sources
2019-03-01 17:39:07,969 INFO Processed 2 of 3 sources
2019-03-01 17:39:07,970 INFO Processed 3 of 3 sources
2019-03-01 17:39:07,970 PERFORMANCE Check_TypeCheck: 0.037582s
2019-03-01 17:39:07,999 PERFORMANCE Analyzed sources: 0.037629s
2019-03-01 17:39:08,010 PERFORMANCE Postprocessed: 0.030134s
2019-03-01 17:39:08,021 PERFORMANCE Check: 1.646658s
2019-03-01 17:39:08,022 ERROR Found 4 type errors!

2019-03-01 17:39:45,465 DEBUG No configuration found at `.pyre_configuration.local`.
2019-03-01 17:39:45,465 DEBUG Reading configuration `.pyre_configuration`...
2019-03-01 17:39:45,466 DEBUG Found source_directories: `.`
2019-03-01 17:39:45,466 INFO No binary specified, looking for `pyre.bin` in PATH
2019-03-01 17:39:45,466 INFO Found: `/Users/tonyfast/anaconda/envs/p6/bin/pyre.bin`
2019-03-01 17:39:45,466 INFO No typeshed specified, looking for it
2019-03-01 17:39:45,466 DEBUG Trying with: `/Users/tonyfast/anaconda/envs/p6/lib/python3.6/site-packages/pyre_check/pyre_check/typeshed/`
2019-03-01 17:39:45,466 DEBUG Trying with: `/Users/tonyfast/anaconda/envs/p6/lib/python3.6/site-packages/pyre_check/typeshed/`
2019-03-01 17:39:45,466 DEBUG Trying with: `/Users/tonyfast/anaconda/envs/p6/lib/python3.6/pyre_check/typeshed/`
2019-03-01 17:39:45,467 DEBUG Trying with: `/Users/tonyfast/anaconda/envs/p6/lib/pyre_check/typeshed/`
2019-03-01 17:39:45,467 INFO Found: `/Users/tonyfast/anaconda/envs/p6/lib/pyre_check/typeshed/`
2019-03-01 17:39:45,467 DEBUG Running `/Users/tonyfast/anaconda/envs/p6/bin/pyre.bin check -project-root /Users/tonyfast/pidgin/src/pidgin/specification -filter-directories . -workers 4 -typeshed /Users/tonyfast/anaconda/envs/p6/lib/pyre_check/typeshed/ /Users/tonyfast/pidgin/src/pidgin/specification`
2019-03-01 17:39:45,499 INFO Finding type stubs in `/Users/tonyfast/pidgin/src/pidgin/specification`...
2019-03-01 17:39:45,502 INFO Finding type stubs in `/Users/tonyfast/anaconda/envs/p6/lib/pyre_check/typeshed/third_party`...
2019-03-01 17:39:45,513 INFO Finding type stubs in `/Users/tonyfast/anaconda/envs/p6/lib/pyre_check/typeshed/stdlib`...
2019-03-01 17:39:45,617 INFO Parsing 765 stubs and external sources...
2019-03-01 17:39:46,153 PERFORMANCE Stubs parsed: 0.610557s
2019-03-01 17:39:46,185 INFO Parsing 3 sources in `/Users/tonyfast/pidgin/src/pidgin/specification`...
2019-03-01 17:39:46,216 PERFORMANCE Sources parsed: 0.032216s
2019-03-01 17:39:46,216 PERFORMANCE Registered ignores: 0.030873s
2019-03-01 17:39:46,317 INFO Building type environment...
2019-03-01 17:39:46,808 PERFORMANCE Full environment built: 0.591632s
2019-03-01 17:39:46,912 INFO Inferring protocol implementations...
2019-03-01 17:39:46,926 PERFORMANCE Inferred protocol implementations: 0.108417s
2019-03-01 17:39:47,029 INFO Adding environment information to shared memory...
2019-03-01 17:39:47,133 PERFORMANCE Added environment to shared memory: 0.206731s
2019-03-01 17:39:47,162 MEMORY Shared memory size (size: 12)
2019-03-01 17:39:47,162 PERFORMANCE Filtered directories: 0.029520s
2019-03-01 17:39:47,163 INFO Checking 3 sources...
2019-03-01 17:39:47,194 INFO Running check `TypeCheck`...
2019-03-01 17:39:47,199 INFO Processed 1 of 3 sources
2019-03-01 17:39:47,200 INFO Processed 2 of 3 sources
2019-03-01 17:39:47,200 INFO Processed 3 of 3 sources
2019-03-01 17:39:47,200 PERFORMANCE Check_TypeCheck: 0.037309s
2019-03-01 17:39:47,230 PERFORMANCE Analyzed sources: 0.037342s
2019-03-01 17:39:47,241 PERFORMANCE Postprocessed: 0.030225s
2019-03-01 17:39:47,258 PERFORMANCE Check: 1.746598s
2019-03-01 17:39:47,258 ERROR Found 3 type errors!

2019-03-01 17:39:54,102 DEBUG No configuration found at `.pyre_configuration.local`.
2019-03-01 17:39:54,102 DEBUG Reading configuration `.pyre_configuration`...
2019-03-01 17:39:54,102 DEBUG Found source_directories: `.`
2019-03-01 17:39:54,102 INFO No binary specified, looking for `pyre.bin` in PATH
2019-03-01 17:39:54,102 INFO Found: `/Users/tonyfast/anaconda/envs/p6/bin/pyre.bin`
2019-03-01 17:39:54,102 INFO No typeshed specified, looking for it
2019-03-01 17:39:54,103 DEBUG Trying with: `/Users/tonyfast/anaconda/envs/p6/lib/python3.6/site-packages/pyre_check/pyre_check/typeshed/`
2019-03-01 17:39:54,103 DEBUG Trying with: `/Users/tonyfast/anaconda/envs/p6/lib/python3.6/site-packages/pyre_check/typeshed/`
2019-03-01 17:39:54,103 DEBUG Trying with: `/Users/tonyfast/anaconda/envs/p6/lib/python3.6/pyre_check/typeshed/`
2019-03-01 17:39:54,103 DEBUG Trying with: `/Users/tonyfast/anaconda/envs/p6/lib/pyre_check/typeshed/`
2019-03-01 17:39:54,103 INFO Found: `/Users/tonyfast/anaconda/envs/p6/lib/pyre_check/typeshed/`
2019-03-01 17:39:54,103 DEBUG Running `/Users/tonyfast/anaconda/envs/p6/bin/pyre.bin check -project-root /Users/tonyfast/pidgin/src/pidgin/specification -filter-directories . -workers 4 -typeshed /Users/tonyfast/anaconda/envs/p6/lib/pyre_check/typeshed/ /Users/tonyfast/pidgin/src/pidgin/specification`
2019-03-01 17:39:54,135 INFO Finding type stubs in `/Users/tonyfast/pidgin/src/pidgin/specification`...
2019-03-01 17:39:54,140 INFO Finding type stubs in `/Users/tonyfast/anaconda/envs/p6/lib/pyre_check/typeshed/third_party`...
2019-03-01 17:39:54,152 INFO Finding type stubs in `/Users/tonyfast/anaconda/envs/p6/lib/pyre_check/typeshed/stdlib`...
2019-03-01 17:39:54,257 INFO Parsing 765 stubs and external sources...
2019-03-01 17:39:54,737 PERFORMANCE Stubs parsed: 0.564566s
2019-03-01 17:39:54,767 INFO Parsing 3 sources in `/Users/tonyfast/pidgin/src/pidgin/specification`...
2019-03-01 17:39:54,797 PERFORMANCE Sources parsed: 0.030044s
2019-03-01 17:39:54,797 PERFORMANCE Registered ignores: 0.029760s
2019-03-01 17:39:54,902 INFO Building type environment...
2019-03-01 17:39:55,367 PERFORMANCE Full environment built: 0.569844s
2019-03-01 17:39:55,467 INFO Inferring protocol implementations...
2019-03-01 17:39:55,480 PERFORMANCE Inferred protocol implementations: 0.099787s
2019-03-01 17:39:55,585 INFO Adding environment information to shared memory...
2019-03-01 17:39:55,684 PERFORMANCE Added environment to shared memory: 0.204364s
2019-03-01 17:39:55,714 MEMORY Shared memory size (size: 12)
2019-03-01 17:39:55,714 PERFORMANCE Filtered directories: 0.029486s
2019-03-01 17:39:55,714 INFO Checking 3 sources...
2019-03-01 17:39:55,744 INFO Running check `TypeCheck`...
2019-03-01 17:39:55,751 INFO Processed 1 of 3 sources
2019-03-01 17:39:55,751 INFO Processed 2 of 3 sources
2019-03-01 17:39:55,751 INFO Processed 3 of 3 sources
2019-03-01 17:39:55,752 PERFORMANCE Check_TypeCheck: 0.037537s
2019-03-01 17:39:55,782 PERFORMANCE Analyzed sources: 0.037570s
2019-03-01 17:39:55,792 PERFORMANCE Postprocessed: 0.030517s
2019-03-01 17:39:55,804 PERFORMANCE Check: 1.662814s
2019-03-01 17:39:55,804 ERROR Found 2 type errors!

